#-----------------------------------------------------------
# Vivado v2018.2 (64-bit)
# SW Build 2258646 on Thu Jun 14 20:02:38 MDT 2018
# IP Build 2256618 on Thu Jun 14 22:10:49 MDT 2018
# Start of session at: Thu Oct 21 22:27:18 2021
# Process ID: 2365
# Current directory: /home/khoa/Documents/logic_design/lab3_hls/solution1/sim/verilog
# Command line: vivado -source open_wave.tcl
# Log file: /home/khoa/Documents/logic_design/lab3_hls/solution1/sim/verilog/vivado.log
# Journal file: /home/khoa/Documents/logic_design/lab3_hls/solution1/sim/verilog/vivado.jou
#-----------------------------------------------------------
start_gui
source open_wave.tcl
# current_fileset
INFO: [IP_Flow 19-234] Refreshing IP repositories
INFO: [IP_Flow 19-1704] No user IP repositories specified
INFO: [IP_Flow 19-2313] Loaded Vivado IP repository '/opt/Xilinx/Vivado/2018.2/data/ip'.
current_fileset: Time (s): cpu = 00:00:11 ; elapsed = 00:00:15 . Memory (MB): peak = 5975.902 ; gain = 122.664 ; free physical = 77 ; free virtual = 2009
# open_wave_database simpleALU.wdb
open_wave_config /home/khoa/Documents/logic_design/lab3_hls/solution1/sim/verilog/simpleALU.wcfg
close_sim
INFO: [Simtcl 6-16] Simulation closed
exit
INFO: [Common 17-206] Exiting Vivado at Sun Oct 24 14:33:59 2021...
