#-----------------------------------------------------------
# Vivado v2018.2 (64-bit)
# SW Build 2258646 on Thu Jun 14 20:02:38 MDT 2018
# IP Build 2256618 on Thu Jun 14 22:10:49 MDT 2018
# Start of session at: Thu Oct 21 21:18:28 2021
# Process ID: 27713
# Current directory: /home/khoa/Documents/logic_design/lab3_hls/solution1/sim/verilog
# Command line: vivado -source open_wave.tcl
# Log file: /home/khoa/Documents/logic_design/lab3_hls/solution1/sim/verilog/vivado.log
# Journal file: /home/khoa/Documents/logic_design/lab3_hls/solution1/sim/verilog/vivado.jou
#-----------------------------------------------------------
start_gui
source open_wave.tcl
# current_fileset
INFO: [IP_Flow 19-234] Refreshing IP repositories
INFO: [IP_Flow 19-1704] No user IP repositories specified
INFO: [IP_Flow 19-2313] Loaded Vivado IP repository '/opt/Xilinx/Vivado/2018.2/data/ip'.
current_fileset: Time (s): cpu = 00:00:11 ; elapsed = 00:00:15 . Memory (MB): peak = 5972.434 ; gain = 112.293 ; free physical = 72 ; free virtual = 1429
# open_wave_database simpleALU.wdb
open_wave_config /home/khoa/Documents/logic_design/lab3_hls/solution1/sim/verilog/simpleALU.wcfg
