INFO-FLOW: Workspace /home/khoa/Documents/logic_design/lab3_hls/solution1 opened at Sun Oct 24 09:57:40 +07 2021
Execute     config_clock -quiet -name default -period 10 -default=false 
INFO: [SYN 201-201] Setting up clock 'default' with a period of 10ns.
Execute     open_platform DefaultPlatform 
Execute     import_lib /opt/Xilinx/Vivado/2018.2/common/technology/xilinx/qvirtex7/qvirtex7 
Execute       source /opt/Xilinx/Vivado/2018.2/common/technology/xilinx/common/xilinx.lib 
Execute         source /opt/Xilinx/Vivado/2018.2/common/technology/xilinx/interface/xilinx_interface.lib 
Execute           source /opt/Xilinx/Vivado/2018.2/common/technology/xilinx/interface/plb46.lib 
Execute           source /opt/Xilinx/Vivado/2018.2/common/technology/xilinx/interface/fsl.lib 
Execute           source /opt/Xilinx/Vivado/2018.2/common/technology/xilinx/interface/axi4.lib 
Execute           source /opt/Xilinx/Vivado/2018.2/common/technology/xilinx/interface/maxi.lib 
Execute           source /opt/Xilinx/Vivado/2018.2/common/technology/xilinx/interface/saxilite.lib 
Execute         source /opt/Xilinx/Vivado/2018.2/common/technology/xilinx/common/dsp48.lib 
Execute         source /opt/Xilinx/Vivado/2018.2/common/technology/xilinx/ip/xfft.lib 
Execute         source /opt/Xilinx/Vivado/2018.2/common/technology/xilinx/ip/xfir.lib 
Execute         source /opt/Xilinx/Vivado/2018.2/common/technology/xilinx/ip/dds_compiler.lib 
Execute       source /opt/Xilinx/Vivado/2018.2/common/technology/xilinx/common/xilinx_old.lib 
Execute       source /opt/Xilinx/Vivado/2018.2/common/technology/xilinx/common/xilinx_vivado.lib 
Execute       source /opt/Xilinx/Vivado/2018.2/common/technology/xilinx/common/xilinx.hlp 
Execute         source /opt/Xilinx/Vivado/2018.2/common/technology/xilinx/common/target_info.tcl 
Execute         source /opt/Xilinx/Vivado/2018.2/common/technology/xilinx/interface/xilinx_interface.hlp 
Execute           source /opt/Xilinx/Vivado/2018.2/common/technology/xilinx/interface/maxi.hlp 
Execute           source /opt/Xilinx/Vivado/2018.2/common/technology/xilinx/interface/saxilite.hlp 
Execute         source /opt/Xilinx/Vivado/2018.2/common/technology/xilinx/common/dsp48.hlp 
Execute       source /opt/Xilinx/Vivado/2018.2/common/technology/xilinx/qvirtex7/dsp48e1.hlp 
Execute       get_default_platform 
Execute       config_chip_info -quiet -resource  {SLICE 91050 } {LUT 364200 } {FF 728400 } {DSP48E 1260} {BRAM 1590}  
Execute       config_chip_info -quiet -speed medium 
Execute       source /opt/Xilinx/Vivado/2018.2/common/technology/xilinx/common/xilinx.hlp 
Execute         source /opt/Xilinx/Vivado/2018.2/common/technology/xilinx/common/target_info.tcl 
Execute         source /opt/Xilinx/Vivado/2018.2/common/technology/xilinx/interface/xilinx_interface.hlp 
Execute           source /opt/Xilinx/Vivado/2018.2/common/technology/xilinx/interface/maxi.hlp 
Execute           source /opt/Xilinx/Vivado/2018.2/common/technology/xilinx/interface/saxilite.hlp 
Execute         source /opt/Xilinx/Vivado/2018.2/common/technology/xilinx/common/dsp48.hlp 
Command     import_lib done; 0.16 sec.
Execute     source /opt/Xilinx/Vivado/2018.2/common/technology/xilinx/qvirtex7/qvirtex7.gen 
Execute       source /opt/Xilinx/Vivado/2018.2/common/technology/xilinx/common/virtex.gen 
Execute         source /opt/Xilinx/Vivado/2018.2/common/technology/xilinx/common/xilinx.gen 
Execute           source /opt/Xilinx/Vivado/2018.2/common/technology/xilinx/interface/plb46.gen 
Execute           source /opt/Xilinx/Vivado/2018.2/common/technology/xilinx/interface/fsl.gen 
Execute           source /opt/Xilinx/Vivado/2018.2/common/technology/xilinx/interface/axi4.gen 
Execute           source /opt/Xilinx/Vivado/2018.2/common/technology/xilinx/interface/nativeAXI4.gen 
Execute             source /opt/Xilinx/Vivado/2018.2/common/technology/xilinx/interface/saxilite.gen 
Execute             source /opt/Xilinx/Vivado/2018.2/common/technology/xilinx/interface/maxi.gen 
Execute           source /opt/Xilinx/Vivado/2018.2/common/technology/xilinx/scripts/xilinxcoregen.gen 
Execute           source /opt/Xilinx/Vivado/2018.2/common/technology/xilinx/interface/XilEDKCoreGen.gen 
Execute           source /opt/Xilinx/Vivado/2018.2/common/technology/xilinx/ip/dds_compiler.gen 
Execute           source /opt/Xilinx/Vivado/2018.2/common/technology/xilinx/ip/util.gen 
Execute           source /opt/Xilinx/Vivado/2018.2/common/technology/xilinx/ip/xfft.gen 
Command           ap_source done; 0.47 sec.
Execute           source /opt/Xilinx/Vivado/2018.2/common/technology/xilinx/ip/xfir.gen 
Command         ap_source done; 0.61 sec.
Execute         source /opt/Xilinx/Vivado/2018.2/common/technology/xilinx/common/dsp48.gen 
Command       ap_source done; 0.62 sec.
Command     ap_source done; 0.62 sec.
Execute     open_platform DefaultPlatform 
Execute     import_lib /opt/Xilinx/Vivado/2018.2/common/technology/xilinx/qvirtex7/qvirtex7_fpv6 
Execute       source /opt/Xilinx/Vivado/2018.2/common/technology/xilinx/common/xilinx_fpv7.lib 
Execute         source /opt/Xilinx/Vivado/2018.2/common/technology/xilinx/common/xilinx_hp.lib 
Execute       source /opt/Xilinx/Vivado/2018.2/common/technology/xilinx/common/xilinx_fpv.hlp 
Execute         source /opt/Xilinx/Vivado/2018.2/common/technology/xilinx/common/xilinx.hlp 
Execute           source /opt/Xilinx/Vivado/2018.2/common/technology/xilinx/common/target_info.tcl 
Execute           source /opt/Xilinx/Vivado/2018.2/common/technology/xilinx/interface/xilinx_interface.hlp 
Execute             source /opt/Xilinx/Vivado/2018.2/common/technology/xilinx/interface/maxi.hlp 
Execute             source /opt/Xilinx/Vivado/2018.2/common/technology/xilinx/interface/saxilite.hlp 
Execute           source /opt/Xilinx/Vivado/2018.2/common/technology/xilinx/common/dsp48.hlp 
Execute       source /opt/Xilinx/Vivado/2018.2/common/technology/xilinx/qvirtex7/qvirtex7_hp.hlp 
Command     import_lib done; 0.11 sec.
Execute     source /opt/Xilinx/Vivado/2018.2/common/technology/xilinx/qvirtex7/qvirtex7_fpv6.gen 
Execute       source /opt/Xilinx/Vivado/2018.2/common/technology/xilinx/common/xilinx_fpv6.gen 
Execute     set_part xq7vx690trf1158-2i 
Execute       add_library xilinx/qvirtex7/qvirtex7:xq7vx690t:rf1158:-2i 
Execute         get_default_platform 
Execute         license_isbetapart xq7vx690t 
Command         license_isbetapart done; error code: 1; 
Execute         get_default_platform 
Execute         config_chip_info -quiet -resource  {SLICE 108300} {LUT 433200 } {FF 866400 } {DSP48E 3600} {BRAM 2940}  
Execute         config_chip_info -quiet -speed medium 
Execute       add_library xilinx/qvirtex7/qvirtex7_fpv6 
Execute         get_default_platform 
INFO: [HLS 200-10] Setting target device to 'xq7vx690trf1158-2i'
Execute       get_default_platform 
Command     set_part done; 0.31 sec.
Execute     get_default_platform 
Execute     config_chip_info -quiet -resource  {SLICE 108300} {LUT 433200 } {FF 866400 } {DSP48E 3600} {BRAM 2940}  
Execute     config_chip_info -quiet -speed medium 
Command   open_solution done; 1.31 sec.
Execute   set_part xq7vx690trf1158-2i -tool vivado 
Execute     add_library xilinx/qvirtex7/qvirtex7:xq7vx690t:rf1158:-2i 
Execute       get_default_platform 
Execute       license_isbetapart xq7vx690t 
Command       license_isbetapart done; error code: 1; 
Execute       get_default_platform 
Execute       config_chip_info -quiet -resource  {SLICE 108300} {LUT 433200 } {FF 866400 } {DSP48E 3600} {BRAM 2940}  
Execute       config_chip_info -quiet -speed medium 
Execute     add_library xilinx/qvirtex7/qvirtex7_fpv6 
Execute       get_default_platform 
Execute     get_default_platform 
Execute   create_clock -period 10 -name default 
Execute     config_clock -quiet -name default -period 10 -default=false 
INFO: [SYN 201-201] Setting up clock 'default' with a period of 10ns.
Execute   csynth_design 
Execute     get_config_compile -effort 
Execute     get_config_compile -enable_clang39 
Execute     get_config_compile -g 
Execute     get_config_compile -lm 
Execute     get_config_compile -ng 
Execute     get_config_compile -opt_fp 
Execute     get_config_compile -skip_cdt 
Execute     get_config_compile -skip_syncheck 
Execute     get_config_compile -skip_transform 
Execute     get_config_compile -keep_printf 
Execute     elaborate -effort=medium -skip_syncheck=0 -keep_printf=0 -lm=0 -skip_cdt=0 -skip_transform=0 -ng=0 -g=0 -opt_fp=0 -from_csynth_design=1 
Execute       get_config_schedule -relax_ii_for_timing 
Execute       get_config_schedule -suppress_dependence_error_break 
INFO: [HLS 200-10] Analyzing design file 'lab3_hls/core.cpp' ... 
INFO-FLOW: Compiling one TU...
Execute       is_m_axi_addr64 
INFO-FLOW: Handling lab3_hls/core.cpp as C++
Execute       get_default_platform 
Execute       is_encrypted lab3_hls/core.cpp 
Execute       get_default_platform 
INFO-FLOW: Source preprocessing
Execute       clang  -fno-limit-debug-info -gcc-toolchain "/opt/Xilinx/Vivado/2018.2/lnx64/tools/gcc" -hls  -fno-exceptions  -D__llvm__  -E "lab3_hls/core.cpp"     -fno-math-errno -c -emit-llvm -O0  -mllvm -disable-llvm-optzns -fno-threadsafe-statics  -fno-use-cxa-atexit  -fno-threadsafe-statics -fno-use-cxa-atexit -D__CLANG_3_1__ -DAESL_SYN -D__SYNTHESIS__ -D__HLS_SYN__ -I "/opt/Xilinx/Vivado/2018.2/common/technology/autopilot" -I "/opt/Xilinx/Vivado/2018.2/common/technology/autopilot/ap_sysc" -include etc/autopilot_ssdm_op.h -D__DSP48E1__  -o "/home/khoa/Documents/logic_design/lab3_hls/solution1/.autopilot/db/core.pp.0.cpp" 
INFO-FLOW: exec /opt/Xilinx/Vivado/2018.2/lnx64/tools/clang/bin/clang -fno-limit-debug-info -gcc-toolchain /opt/Xilinx/Vivado/2018.2/lnx64/tools/gcc -hls -fno-exceptions -D__llvm__ -E lab3_hls/core.cpp -fno-math-errno -c -emit-llvm -O0 -mllvm -disable-llvm-optzns -fno-threadsafe-statics -fno-use-cxa-atexit -fno-threadsafe-statics -fno-use-cxa-atexit -D__CLANG_3_1__ -DAESL_SYN -D__SYNTHESIS__ -D__HLS_SYN__ -I /opt/Xilinx/Vivado/2018.2/common/technology/autopilot -I /opt/Xilinx/Vivado/2018.2/common/technology/autopilot/ap_sysc -include etc/autopilot_ssdm_op.h -D__DSP48E1__ -o /home/khoa/Documents/logic_design/lab3_hls/solution1/.autopilot/db/core.pp.0.cpp
Command       clang done; 3.81 sec.
INFO-FLOW: Syntax Checking before pre-processing...
Execute       clang  -fno-limit-debug-info -gcc-toolchain "/opt/Xilinx/Vivado/2018.2/lnx64/tools/gcc" -hls    -fno-math-errno -c -emit-llvm -O0  -mllvm -disable-llvm-optzns -fno-threadsafe-statics  -fno-use-cxa-atexit  -fno-threadsafe-statics -fno-use-cxa-atexit -D__CLANG_3_1__ -DAESL_SYN -D__SYNTHESIS__ -D__HLS_SYN__ -I "/opt/Xilinx/Vivado/2018.2/common/technology/autopilot" -I "/opt/Xilinx/Vivado/2018.2/common/technology/autopilot/ap_sysc" -include etc/autopilot_ssdm_op.h -D__DSP48E1__  "/home/khoa/Documents/logic_design/lab3_hls/solution1/.autopilot/db/core.pp.0.cpp"  -o "/home/khoa/Documents/logic_design/lab3_hls/solution1/.autopilot/db/useless.bc"  
INFO-FLOW: exec /opt/Xilinx/Vivado/2018.2/lnx64/tools/clang/bin/clang -fno-limit-debug-info -gcc-toolchain /opt/Xilinx/Vivado/2018.2/lnx64/tools/gcc -hls -fno-math-errno -c -emit-llvm -O0 -mllvm -disable-llvm-optzns -fno-threadsafe-statics -fno-use-cxa-atexit -fno-threadsafe-statics -fno-use-cxa-atexit -D__CLANG_3_1__ -DAESL_SYN -D__SYNTHESIS__ -D__HLS_SYN__ -I /opt/Xilinx/Vivado/2018.2/common/technology/autopilot -I /opt/Xilinx/Vivado/2018.2/common/technology/autopilot/ap_sysc -include etc/autopilot_ssdm_op.h -D__DSP48E1__ /home/khoa/Documents/logic_design/lab3_hls/solution1/.autopilot/db/core.pp.0.cpp -o /home/khoa/Documents/logic_design/lab3_hls/solution1/.autopilot/db/useless.bc
Command       clang done; 7.17 sec.
INFO-FLOW: GCC PP time: 10 seconds per iteration
Execute       list_core -type functional_unit 
Execute       tidy_31 xilinx-systemc-detector /home/khoa/Documents/logic_design/lab3_hls/solution1/.autopilot/db/core.pp.0.cpp std=gnu++98 -directive=/home/khoa/Documents/logic_design/lab3_hls/solution1/.autopilot/db/.systemc_flag 
INFO-FLOW: exec /opt/Xilinx/Vivado/2018.2/lnx64/tools/clang-3.9-csynth/bin/tidy-3.1 -header-filter=.* --checks=-*,xilinx-systemc-detector -import-directive=/home/khoa/Documents/logic_design/lab3_hls/solution1/.autopilot/db/.systemc_flag -quiet -fix-errors /home/khoa/Documents/logic_design/lab3_hls/solution1/.autopilot/db/core.pp.0.cpp -- -std=gnu++98 -fhls -ferror-limit=0
Command       tidy_31 done; 5.15 sec.
INFO-FLOW: CDT Preprocessing with tidy-3.1...
Execute       tidy_31 xilinx-directive2pragma /home/khoa/Documents/logic_design/lab3_hls/solution1/.autopilot/db/core.pp.0.cpp std=gnu++98 -directive=/home/khoa/Documents/logic_design/lab3_hls/solution1/solution1.json 
INFO-FLOW: exec /opt/Xilinx/Vivado/2018.2/lnx64/tools/clang-3.9-csynth/bin/tidy-3.1 -header-filter=.* --checks=-*,xilinx-directive2pragma -import-directive=/home/khoa/Documents/logic_design/lab3_hls/solution1/solution1.json -quiet -fix-errors /home/khoa/Documents/logic_design/lab3_hls/solution1/.autopilot/db/core.pp.0.cpp -- -std=gnu++98 -fhls -ferror-limit=0
Command       tidy_31 done; 6.68 sec.
Execute       get_config_dataflow -strict_mode 
Execute       ap_eval exec -ignorestderr /opt/Xilinx/Vivado/2018.2/lnx64/tools/clang-3.9-csynth/bin/xilinx-dataflow-lawyer -export-fixes=/home/khoa/Documents/logic_design/lab3_hls/solution1/.autopilot/db/xilinx-dataflow-lawyer.core.pp.0.cpp.diag.yml /home/khoa/Documents/logic_design/lab3_hls/solution1/.autopilot/db/core.pp.0.cpp -- -std=gnu++98 -fhls -ferror-limit=0 -fstrict-dataflow > /home/khoa/Documents/logic_design/lab3_hls/solution1/.autopilot/db/xilinx-dataflow-lawyer.core.pp.0.cpp.out.log 2> /home/khoa/Documents/logic_design/lab3_hls/solution1/.autopilot/db/xilinx-dataflow-lawyer.core.pp.0.cpp.err.log 
Command       ap_eval done; 3.54 sec.
Execute       tidy_31 -errorcheck xilinx-constantarray-param,xilinx-resource-pragma-transformer /home/khoa/Documents/logic_design/lab3_hls/solution1/.autopilot/db/core.pp.0.cpp std=gnu++98 
INFO-FLOW: exec /opt/Xilinx/Vivado/2018.2/lnx64/tools/clang-3.9-csynth/bin/tidy-3.1 -header-filter=.* --checks=-*,xilinx-constantarray-param,xilinx-resource-pragma-transformer -quiet -fix-errors /home/khoa/Documents/logic_design/lab3_hls/solution1/.autopilot/db/core.pp.0.cpp -- -std=gnu++98 -fhls -ferror-limit=0
INFO-FLOW: exec /opt/Xilinx/Vivado/2018.2/lnx64/tools/clang-3.9-csynth/bin/xilinx-legacy-rewriter /home/khoa/Documents/logic_design/lab3_hls/solution1/.autopilot/db/core.pp.0.cpp -- -std=gnu++98 -fhls -ferror-limit=0
Command       tidy_31 done; 10.97 sec.
INFO-FLOW: tidy-3.1 time 21 seconds per iteration
INFO-FLOW: Pragma Handling...
Execute       tidy_31 xilinx-ssdm-intrinsics-arguments /home/khoa/Documents/logic_design/lab3_hls/solution1/.autopilot/db/core.pragma.1.cpp std=gnu++98 
INFO-FLOW: exec /opt/Xilinx/Vivado/2018.2/lnx64/tools/clang-3.9-csynth/bin/tidy-3.1 -header-filter=.* --checks=-*,xilinx-ssdm-intrinsics-arguments -quiet -fix-errors /home/khoa/Documents/logic_design/lab3_hls/solution1/.autopilot/db/core.pragma.1.cpp -- -std=gnu++98 -fhls -ferror-limit=0
Command       tidy_31 done; 4 sec.
INFO-FLOW: Source preprocessing
Execute       clang  -fno-limit-debug-info -gcc-toolchain "/opt/Xilinx/Vivado/2018.2/lnx64/tools/gcc" -hls  -fno-exceptions  -D__llvm__  -E "/home/khoa/Documents/logic_design/lab3_hls/solution1/.autopilot/db/core.pragma.1.cpp"     -fno-math-errno -c -emit-llvm -O0  -mllvm -disable-llvm-optzns -fno-threadsafe-statics  -fno-use-cxa-atexit  -fno-threadsafe-statics -fno-use-cxa-atexit -D__CLANG_3_1__ -DAESL_SYN -D__SYNTHESIS__ -D__HLS_SYN__ -I "/opt/Xilinx/Vivado/2018.2/common/technology/autopilot" -I "/opt/Xilinx/Vivado/2018.2/common/technology/autopilot/ap_sysc" -include etc/autopilot_ssdm_op.h -D__DSP48E1__  -o "/home/khoa/Documents/logic_design/lab3_hls/solution1/.autopilot/db/core.pragma.2.cpp" 
INFO-FLOW: exec /opt/Xilinx/Vivado/2018.2/lnx64/tools/clang/bin/clang -fno-limit-debug-info -gcc-toolchain /opt/Xilinx/Vivado/2018.2/lnx64/tools/gcc -hls -fno-exceptions -D__llvm__ -E /home/khoa/Documents/logic_design/lab3_hls/solution1/.autopilot/db/core.pragma.1.cpp -fno-math-errno -c -emit-llvm -O0 -mllvm -disable-llvm-optzns -fno-threadsafe-statics -fno-use-cxa-atexit -fno-threadsafe-statics -fno-use-cxa-atexit -D__CLANG_3_1__ -DAESL_SYN -D__SYNTHESIS__ -D__HLS_SYN__ -I /opt/Xilinx/Vivado/2018.2/common/technology/autopilot -I /opt/Xilinx/Vivado/2018.2/common/technology/autopilot/ap_sysc -include etc/autopilot_ssdm_op.h -D__DSP48E1__ -o /home/khoa/Documents/logic_design/lab3_hls/solution1/.autopilot/db/core.pragma.2.cpp
Command       clang done; 2.79 sec.
Execute       get_default_platform 
INFO-FLOW: Processing labels
Execute       clang -src /home/khoa/Documents/logic_design/lab3_hls/solution1/.autopilot/db/core.pragma.2.cpp  -fno-limit-debug-info -gcc-toolchain /opt/Xilinx/Vivado/2018.2/lnx64/tools/gcc -hls -hls-analyze-label -hls-analyze-pragma -fno-exceptions  -D__llvm__  -w  "/home/khoa/Documents/logic_design/lab3_hls/solution1/.autopilot/db/core.pragma.2.cpp"    -fno-math-errno -c -emit-llvm -O0  -mllvm -disable-llvm-optzns -fno-threadsafe-statics  -fno-use-cxa-atexit -DAESL_SYN -D__SYNTHESIS__ -D__HLS_SYN__ -I "/opt/Xilinx/Vivado/2018.2/common/technology/autopilot" -I "/opt/Xilinx/Vivado/2018.2/common/technology/autopilot/ap_sysc" -include etc/autopilot_ssdm_op.h -D__DSP48E1__ -g -o "/home/khoa/Documents/logic_design/lab3_hls/solution1/.autopilot/db/core.bc" 
INFO-FLOW: exec /opt/Xilinx/Vivado/2018.2/lnx64/tools/clang/bin/clang -fno-limit-debug-info -gcc-toolchain /opt/Xilinx/Vivado/2018.2/lnx64/tools/gcc -hls -hls-analyze-label -hls-analyze-pragma -fno-exceptions -D__llvm__ -w /home/khoa/Documents/logic_design/lab3_hls/solution1/.autopilot/db/core.pragma.2.cpp -fno-math-errno -c -emit-llvm -O0 -mllvm -disable-llvm-optzns -fno-threadsafe-statics -fno-use-cxa-atexit -DAESL_SYN -D__SYNTHESIS__ -D__HLS_SYN__ -I /opt/Xilinx/Vivado/2018.2/common/technology/autopilot -I /opt/Xilinx/Vivado/2018.2/common/technology/autopilot/ap_sysc -include etc/autopilot_ssdm_op.h -D__DSP48E1__ -g -o /home/khoa/Documents/logic_design/lab3_hls/solution1/.autopilot/db/core.bc
Command       clang done; 3.8 sec.
INFO-FLOW: Linking Debug ...
Execute       llvm-ld /home/khoa/Documents/logic_design/lab3_hls/solution1/.autopilot/db/core.g.bc -hls-opt -except-internalize simpleALU -L/opt/Xilinx/Vivado/2018.2/lnx64/lib -lhlsm -lhlsmc++ -o /home/khoa/Documents/logic_design/lab3_hls/solution1/.autopilot/db/a.g 
Command       llvm-ld done; 1.32 sec.
INFO: [HLS 200-111] Finished Linking Time (s): cpu = 00:00:28 ; elapsed = 00:00:55 . Memory (MB): peak = 352.137 ; gain = 0.074 ; free physical = 120 ; free virtual = 1173
INFO: [HLS 200-111] Finished Checking Pragmas Time (s): cpu = 00:00:28 ; elapsed = 00:00:55 . Memory (MB): peak = 352.137 ; gain = 0.074 ; free physical = 120 ; free virtual = 1173
Execute       ::config_rtl 
Execute       opt_and_import_c a -opt_level=2 -skip_syncheck=0 -ng=0 -keep_printf=0 
Execute         cleanup_all_models 
INFO: [HLS 200-10] Starting code transformations ...
Execute         transform -promote-dbg-pointer /home/khoa/Documents/logic_design/lab3_hls/solution1/.autopilot/db/a.pp.bc -o /home/khoa/Documents/logic_design/lab3_hls/solution1/.autopilot/db/a.pp.0.bc -f 
Command         transform done; 0.18 sec.
Execute         llvm-ld /home/khoa/Documents/logic_design/lab3_hls/solution1/.autopilot/db/a.pp.0.bc -disable-opt -L/opt/Xilinx/Vivado/2018.2/lnx64/lib -lfloatconversion -o /home/khoa/Documents/logic_design/lab3_hls/solution1/.autopilot/db/a.g.0 
Command         llvm-ld done; 1.22 sec.
INFO-FLOW: Running Standard Transforms...
Execute         transform -hls -share-std-xform -demangle-name -inline-byval-memcpy -always-inline -promote-dbg-pointer -interface-preproc -scalarrepl -mem2reg -keep-read-access -instcombine -dce -promote-dbg-pointer -bitop-raise -loop-simplify -indvarspre -indvars -loop-simplify -xunroll -constprop -instcombine -simplifycfg -indvars -simplifycfg -dce -globaldce -basicaa -simplifycfg -mem2reg -globalopt -global-constprop -deadargelim -instcombine -simplifycfg -prune-eh -simplifycfg -scalarrepl -instcombine -reassociate -licm -simplifycfg -loop-simplify -indvars -instcombine -simplifycfg -mem2reg -loop-simplify -indvars -instcombine -gvn -gvn -instcombine -adce -break-crit-edges -simplifycfg -loop-delete -global-array-opt -dce -dse -adce -find-syn-modules -top simpleALU -deadargelim -mem2reg -instcombine -dce -presyn-prepare -auto-rom-infer -interface-preproc -syn-check -check-rec-only -find-region -simplifycfg -func-extr -function-inline -globaldce -mem2reg -instcombine -dce -gvn -globaldce -adce -adse -constprop -instcombine -bit-constprop -instcombine -dce -simplifycfg -bitop-raise -simplifycfg -dce -loop-delete -reassociate -globalopt -global-privatize -mem2reg -dce -global-constprop -pointer-simplify -constprop -dce -func-inst -deadargelim -auto-shift-reg-idiom -promote-dbg-pointer -norm-name /home/khoa/Documents/logic_design/lab3_hls/solution1/.autopilot/db/a.g.0.bc -o /home/khoa/Documents/logic_design/lab3_hls/solution1/.autopilot/db/a.g.1.bc -f -phase std-opt 
Command         transform done; 0.15 sec.
INFO: [HLS 200-111] Finished Standard Transforms Time (s): cpu = 00:00:29 ; elapsed = 00:00:56 . Memory (MB): peak = 352.297 ; gain = 0.234 ; free physical = 107 ; free virtual = 1168
INFO: [HLS 200-10] Checking synthesizability ...
INFO-FLOW: Checking Synthesizability 1/2..
Execute         transform -hls -syn-check -check-rec-only -disaggr -scalarrepl -norm-name -dce -mem2reg -instcombine -function-uniquify -directive-preproc -mem2reg -dse -dce -auto-rom-infer -dce -array-normalize -instcombine -dce -warn-fifo-pointer -array-seg-normalize -instcombine -dce -array-flatten -instcombine -dce -array-burst -dce -deadargelim -promote-global-argument -simplifycfg -mem2reg -globaldce -resolve-double-ptr -dce -deadargelim -dce -instcombine -function-inline -globaldce -dce -doublePtrSimplify -doublePtrElim -dce -doublePtrSimplify -promote-dbg-pointer -dce -scalarrepl -dse -adse -instcombine -ptrLegalization -simplifycfg -dce -instcombine -pointer-simplify -ptrArgReplace -dce -instcombine -disaggr -scalarrepl -norm-name -dce -mem2reg -instcombine -ptrLegalization -simplifycfg -deadargelim -instcombine -dce -inst-simplify -function-uniquify -directive-preproc -mem2reg -dse -dce -globaldce /home/khoa/Documents/logic_design/lab3_hls/solution1/.autopilot/db/a.g.1.bc -o /home/khoa/Documents/logic_design/lab3_hls/solution1/.autopilot/db/a.g.2.prechk.bc -f 
Command         transform done; 0.14 sec.
INFO-FLOW: Checking Synthesizability 2/2..
Execute         transform -syn-check /home/khoa/Documents/logic_design/lab3_hls/solution1/.autopilot/db/a.g.2.prechk.bc -o /home/khoa/Documents/logic_design/lab3_hls/solution1/.autopilot/db/a.g.2.bc -f -phase syn-check 
Command         transform done; 0.13 sec.
INFO: [HLS 200-111] Finished Checking Synthesizability Time (s): cpu = 00:00:30 ; elapsed = 00:00:57 . Memory (MB): peak = 352.297 ; gain = 0.234 ; free physical = 102 ; free virtual = 1164
INFO-FLOW: Compiler optimizing ...
INFO-FLOW: Share syncheck's 1.bc for syn flow: copy /home/khoa/Documents/logic_design/lab3_hls/solution1/.autopilot/db/a.g.1.bc to /home/khoa/Documents/logic_design/lab3_hls/solution1/.autopilot/db/a.o.1.bc
INFO-FLOW: Presyn 1...
Execute         transform -hls -tmp /home/khoa/Documents/logic_design/lab3_hls/solution1/.autopilot/db -interface-port-rename -type-info -function-uniquify -directive-preproc -mem2reg -dse -dce -disaggr -scalarrepl -norm-name -deadargelim -mem2reg -instcombine -dce -simplifycfg -auto-rom-infer -dce -function-uniquify -resource-proc -simplifycfg -mem2reg -globaldce -resolve-double-ptr -dce -deadargelim -dce -instcombine -clib-intrinsic-prepare -dce -func-buffer -dce -array-normalize -func-legal -instcombine -gvn -constprop -dce -ptrArgReplace -mem2reg -instcombine -dce -array-seg-normalize -deadargelim -instcombine -dce -pointer-simplify -dce -port-alignment -dce -interface-preproc -data-pack -instcombine -dce -basicaa -aggr-aa -aggrmodref-aa -aggr-aa -gvn -gvn -basicaa -aggr-aa -aggrmodref-aa -aggr-aa -dse -adse -adce -loop-simplify -indvars -instcombine -gvn -loop-simplify -mem2reg -dce -find-region -instcombine -auto-loop-pipeline -inst-simplify -interface-preproc -cfgopt -instcombine -indvars -auto-loop-unroll -loop-simplify -loop-bound -xunroll -constprop -instcombine -simplifycfg -indvars -simplifycfg -dce -globaldce -clean-region -attach-range -gvn -inst-simplify -constprop -simplifycfg -dce -pointer-simplify -dce -globalopt -constprop -dce -array-promote -constprop -instcombine -dce -ptrArgReplace -mem2reg -instcombine -simplifycfg -dce -auto-par -instcombine -dce -array-transform-check -array-reshape -instcombine -simplifycfg -dce -ptrArgReplace -deadargelim -mem2reg -instcombine -simplifycfg -dce -indvars -loop-simplify -loop-bound -xunroll -constprop -instcombine -simplifycfg -indvars -simplifycfg -dce -globaldce -duplicate-dataflow-processes -globaldce -instcombine -array-partition -instcombine -simplifycfg -dce -ptrArgReplace -global-constprop -deadargelim -mem2reg -func-legal -instcombine -dce -global-constprop -deadargelim -mem2reg -instcombine -simplifycfg -dce -merge-param -deadargelim -globalopt -constprop -dce -array-promote -constprop -instcombine -dce -ptrArgReplace -mem2reg -instcombine -simplifycfg -dce -mem-intrinsic-preproc -dce -global-internalize -global-privatize -mem2reg -globaldce -promote-global-argument -ptrArgReplace -mem2reg -instcombine -dce -globalopt -mergereturn -simplify-global-access -mem2reg -dce -pointer-simplify -dce -functionattrs -basicaa -aggr-aa -aggrmodref-aa -aggr-aa -gvn -gvn -basicaa -aggr-aa -aggrmodref-aa -aggr-aa -dse -adse -adce -inst-simplify -dce -norm-name -function-inline -globaldce -func-inst -constprop -instcombine -simplifycfg -dce -func-legal -dce -loop-bound -arraycheck -bitwidthmin -on-by-dataflow -loop-delete -instcombine -simplifycfg -globaldce -dce -gvn -deadargelim -dce -loop-simplify -clean-region -simplifycfg -propagate-stable-arguments -loop-stream -instcombine -simplifycfg -dce -globaldce -duplicate-dataflow-processes -stream-intrinsic-preproc -dce -check-ap-stream -loop-simplify -eliminate-keepreads -extract-dataflow-in-loop -loop-simplify -dce -gvn -deadargelim -dse -check-dataflow-syntax -legalize-stream-variable -legalize-global -extract-subproc -dce -dead-channel-elimination -canonicalize-gep -globaldce -dce -gvn -deadargelim -annotate-dataflow-channels -scalar-propagation -deadargelim -globaldce -mem2reg -check-dataflow-channels -function-stream -dce -globaldce -prop-fifo-spec -internal-stream-gen -canonicalize-gep -globaldce -dce -gvn -deadargelim -mergereturn -indvars -loop-simplify -instcombine -array-stream -array-seg-normalize -array-partition -func-legal -instcombine -simplifycfg -dce -bundle-memfifo-ops -deadargelim -function-uniquify -directive-preproc -mem2reg -dse -dce -group-axi-access -licm -simplifycfg -dce -loop-delete -norm-name /home/khoa/Documents/logic_design/lab3_hls/solution1/.autopilot/db/a.o.1.bc -o /home/khoa/Documents/logic_design/lab3_hls/solution1/.autopilot/db/a.o.1.tmp.bc -f 
Command         transform done; 0.31 sec.
INFO-FLOW: Presyn 2...
Execute         transform -hls -keep-callgraph -scalarrepl -mem2reg -port-alignment -attach-range -dce -pipe-mux-gen -indvars -loop-bound -inst-simplify -instcombine -dce -merge-array-access -mem2reg -dce -clean-region -mergereturn -if-conv -instcombine -dce -constprop -basicaa -aggr-aa -aggrmodref-aa -aggr-aa -gvn -gvn -basicaa -aggr-aa -aggrmodref-aa -aggr-aa -dse -adse -adce -scalarrepl -mem2reg -global-constprop -deadargelim -deadargelim -instcombine -dce -simplifycfg -ptrArgReplace -mem2reg -function-inline -globaldce -mem2reg -instcombine -dce -expr-balance -instcombine -dce -bitwidthmin -interface-preproc -directive-preproc -inst-rectify -instcombine -dce -functionattrs -constprop -instcombine -bit-constprop -simplify-global-access -globalopt -globaldce -inst-simplify -instcombine -elimdeaddata -dce -loop-delete -simplifycfg -loop-simplify -auto-burst -norm-name /home/khoa/Documents/logic_design/lab3_hls/solution1/.autopilot/db/a.o.1.tmp.bc -o /home/khoa/Documents/logic_design/lab3_hls/solution1/.autopilot/db/a.o.2.bc -f -phase presyn 
Command         transform done; 0.19 sec.
INFO: [HLS 200-111] Finished Pre-synthesis Time (s): cpu = 00:00:30 ; elapsed = 00:00:57 . Memory (MB): peak = 480.062 ; gain = 128.000 ; free physical = 78 ; free virtual = 1141
INFO-FLOW: Building ssdm...
Execute         transform -hls -function-uniquify -auto-function-inline -globaldce -ptrArgReplace -mem2reg -instcombine -dce -reset-lda -loop-simplify -indvars -licm -loop-dep -loop-bound -licm -loop-simplify -flattenloopnest -array-flatten -gvn -instcombine -dce -array-map -dce -func-legal -gvn -adce -instcombine -cfgopt -simplifycfg -loop-simplify -array-burst -promote-global-argument -dce -axi4-lower -array-seg-normalize -basicaa -aggrmodref-aa -globalsmodref-aa -aggr-aa -gvn -gvn -basicaa -aggrmodref-aa -globalsmodref-aa -aggr-aa -dse -adse -adce -licm -inst-simplify -dce -globaldce -instcombine -array-stream -eliminate-keepreads -instcombine -dce -deadargelim -doublePtrSimplify -doublePtrElim -dce -doublePtrSimplify -promote-dbg-pointer -dce -scalarrepl -mem2reg -disaggr -norm-name -mem2reg -instcombine -dse -adse -adce -ptrLegalization -dce -auto-rom-infer -array-flatten -dce -instcombine -check-doubleptr -loop-rot -constprop -cfgopt -simplifycfg -loop-simplify -indvars -pointer-simplify -dce -loop-bound -loop-simplify -loop-preproc -constprop -global-constprop -gvn -mem2reg -instcombine -dce -loop-bound -loop-merge -dce -bitwidthmin -deadargelim -dce -canonicalize-dataflow -dce -scalar-propagation -deadargelim -globaldce -mem2reg -read-loop-dep -interface-preproc -directive-preproc -interface-gen -bram-byte-enable -deadargelim -inst-simplify -dce -gvn -mem2reg -instcombine -dce -adse -loop-bound -instcombine -cfgopt -simplifycfg -loop-simplify -clean-region -io-protocol -find-region -mem2reg -bitop-raise -inst-simplify -inst-rectify -instcombine -adce -deadargelim -loop-simplify -phi-opt -bitop-raise -cfgopt -simplifycfg -strip-dead-prototypes -interface-lower -bitop-lower -intrinsic-lower -auto-function-inline -basicaa -aggrmodref-aa -globalsmodref-aa -aggr-aa -inst-simplify -simplifycfg -loop-simplify -mergereturn -inst-simplify -inst-rectify -dce -load-elim -bitop-lower -loop-rewind -pointer-simplify -dce -cfgopt -dce -bitwidth -loop-dep -read-loop-dep -dce -check-stream -norm-name -legalize -validate-dataflow -dead-allocation-elimination -cdfg-build /home/khoa/Documents/logic_design/lab3_hls/solution1/.autopilot/db/a.o.2.bc -o /home/khoa/Documents/logic_design/lab3_hls/solution1/.autopilot/db/a.o.3.bc -f -phase build-ssdm 
Command         transform done; 0.38 sec.
INFO: [HLS 200-111] Finished Architecture Synthesis Time (s): cpu = 00:00:30 ; elapsed = 00:00:58 . Memory (MB): peak = 480.062 ; gain = 128.000 ; free physical = 76 ; free virtual = 1140
INFO-FLOW: Finish building internal data model.
Command       opt_and_import_c done; 2.73 sec.
Command     elaborate done; 54.65 sec.
Execute     autosyn -from_csynth_design=1 
INFO: [HLS 200-10] Starting hardware synthesis ...
INFO-FLOW: Synthesizing C/C++ design ...
INFO: [HLS 200-10] Synthesizing 'simpleALU' ...
Execute       ap_set_top_model simpleALU 
Execute       get_model_list simpleALU -filter all-wo-channel -topdown 
Execute       preproc_iomode -model simpleALU 
Execute       get_model_list simpleALU -filter all-wo-channel 
INFO-FLOW: Model list for configure: simpleALU
INFO-FLOW: Configuring Module : simpleALU ...
Execute       set_default_model simpleALU 
Execute       apply_spec_resource_limit simpleALU 
INFO-FLOW: Model list for preprocess: simpleALU
INFO-FLOW: Preprocessing Module: simpleALU ...
Execute       set_default_model simpleALU 
Execute       cdfg_preprocess -model simpleALU 
Execute       rtl_gen_preprocess simpleALU 
INFO-FLOW: Model list for synthesis: simpleALU
INFO: [HLS 200-10] ----------------------------------------------------------------
INFO: [HLS 200-42] -- Implementing module 'simpleALU' 
INFO: [HLS 200-10] ----------------------------------------------------------------
Execute       set_default_model simpleALU 
Execute       schedule -model simpleALU 
INFO: [SCHED 204-11] Starting scheduling ...
INFO: [SCHED 204-11] Finished scheduling.
Command       schedule done; 0.14 sec.
INFO: [HLS 200-111]  Elapsed time: 57.72 seconds; current allocated memory: 75.000 MB.
Execute       report -o /home/khoa/Documents/logic_design/lab3_hls/solution1/.autopilot/db/simpleALU.verbose.sched.rpt -verbose -f 
Execute       db_write -o /home/khoa/Documents/logic_design/lab3_hls/solution1/.autopilot/db/simpleALU.sched.adb -f 
INFO-FLOW: Finish scheduling simpleALU.
Execute       set_default_model simpleALU 
Execute       bind -model simpleALU 
BIND OPTION: fu_weight=[ 0.0 -- 1.0 ]
BIND OPTION: model=simpleALU
BIND OPTION: reg_weight=[ 0.0 -- 1.0 ]
INFO: [BIND 205-100] Starting micro-architecture generation ...
INFO: [BIND 205-101] Performing variable lifetime analysis.
INFO: [BIND 205-101] Exploring resource sharing.
INFO: [BIND 205-101] Binding ...
INFO: [BIND 205-100] Finished micro-architecture generation.
INFO: [HLS 200-111]  Elapsed time: 0.1 seconds; current allocated memory: 75.094 MB.
Execute       report -o /home/khoa/Documents/logic_design/lab3_hls/solution1/.autopilot/db/simpleALU.verbose.bind.rpt -verbose -f 
Execute       db_write -o /home/khoa/Documents/logic_design/lab3_hls/solution1/.autopilot/db/simpleALU.bind.adb -f 
INFO-FLOW: Finish binding simpleALU.
Execute       get_model_list simpleALU -filter all-wo-channel 
INFO-FLOW: Preprocessing for RTLGen ...
Execute       rtl_gen_preprocess simpleALU 
INFO-FLOW: Model list for RTL generation: simpleALU
INFO: [HLS 200-10] ----------------------------------------------------------------
INFO: [HLS 200-10] -- Generating RTL for module 'simpleALU' 
INFO: [HLS 200-10] ----------------------------------------------------------------
Execute       get_config_rtl -prefix 
Execute       get_config_rtl -auto_prefix 
Execute       create_rtl_model simpleALU -vendor xilinx -mg_file /home/khoa/Documents/logic_design/lab3_hls/solution1/.autopilot/db/simpleALU.compgen.tcl 
INFO: [RTGEN 206-500] Setting interface mode on port 'simpleALU/ina_V' to 's_axilite & ap_none'.
INFO: [RTGEN 206-500] Setting interface mode on port 'simpleALU/inb_V' to 's_axilite & ap_none'.
INFO: [RTGEN 206-500] Setting interface mode on port 'simpleALU/op_V' to 's_axilite & ap_none'.
INFO: [RTGEN 206-500] Setting interface mode on function 'simpleALU' to 's_axilite & ap_ctrl_hs'.
INFO: [RTGEN 206-100] Bundling port 'return', 'ina_V', 'inb_V' and 'op_V' to AXI-Lite port AXILiteS.
INFO: [RTGEN 206-100] Finished creating RTL model for 'simpleALU'.
INFO: [HLS 200-111]  Elapsed time: 0.17 seconds; current allocated memory: 75.423 MB.
Execute       source /home/khoa/Documents/logic_design/lab3_hls/solution1/.autopilot/db/simpleALU.rtl_wrap.cfg.tcl 
Execute       gen_rtl simpleALU -istop -style xilinx -tracefl mytrace -tracefmt vcd -traceopt all -f -lang sc -o /home/khoa/Documents/logic_design/lab3_hls/solution1/syn/systemc/simpleALU -synmodules simpleALU 
Execute       gen_rtl simpleALU -istop -style xilinx -f -lang vhdl -o /home/khoa/Documents/logic_design/lab3_hls/solution1/syn/vhdl/simpleALU 
Execute       gen_rtl simpleALU -istop -style xilinx -f -lang vlog -o /home/khoa/Documents/logic_design/lab3_hls/solution1/syn/verilog/simpleALU 
Execute       export_constraint_db -o /home/khoa/Documents/logic_design/lab3_hls/solution1/.autopilot/db/simpleALU.constraint.tcl -f -tool general 
Execute       report -model simpleALU -o /home/khoa/Documents/logic_design/lab3_hls/solution1/.autopilot/db/simpleALU.design.xml -verbose -f -dv 
Execute       report -model simpleALU -o /home/khoa/Documents/logic_design/lab3_hls/solution1/.autopilot/db/simpleALU.sdaccel.xml -verbose -f -sdaccel 
Execute       gen_tb_info simpleALU -o /home/khoa/Documents/logic_design/lab3_hls/solution1/.autopilot/db/simpleALU -p /home/khoa/Documents/logic_design/lab3_hls/solution1/.autopilot/db 
Execute       report -model simpleALU -o /home/khoa/Documents/logic_design/lab3_hls/solution1/syn/report/simpleALU_csynth.rpt -f 
Execute       report -model simpleALU -o /home/khoa/Documents/logic_design/lab3_hls/solution1/syn/report/simpleALU_csynth.xml -f -x 
Execute       report -model simpleALU -o /home/khoa/Documents/logic_design/lab3_hls/solution1/.autopilot/db/simpleALU.verbose.rpt -verbose -f 
Execute       db_write -model simpleALU -o /home/khoa/Documents/logic_design/lab3_hls/solution1/.autopilot/db/simpleALU.adb -f 
Execute       sc_get_clocks simpleALU 
Execute       sc_get_portdomain simpleALU 
INFO-FLOW: Model list for RTL component generation: simpleALU
INFO-FLOW: Handling components in module [simpleALU] ... 
Execute       source /home/khoa/Documents/logic_design/lab3_hls/solution1/.autopilot/db/simpleALU.compgen.tcl 
INFO-FLOW: Found component simpleALU_AXILiteS_s_axi.
INFO-FLOW: Append model simpleALU_AXILiteS_s_axi
INFO-FLOW: Append model simpleALU
INFO-FLOW: Generating RTL model list ...
INFO-FLOW: All models in this session: simpleALU_AXILiteS_s_axi simpleALU
INFO-FLOW: To file: write model simpleALU_AXILiteS_s_axi
INFO-FLOW: To file: write model simpleALU
INFO-FLOW: Finished generating RTL model list.


INFO-FLOW: RTL Generation done.
INFO-FLOW: CAS Generation done.
INFO-FLOW: CBC Generation done.
Execute       get_config_sdx -target 
Execute       source /home/khoa/Documents/logic_design/lab3_hls/solution1/.autopilot/db/global.setting.tcl 
Execute       source /opt/Xilinx/Vivado/2018.2/common/technology/generic/autopilot/common.gen 
Execute         source /opt/Xilinx/Vivado/2018.2/common/technology/generic/autopilot/APCoreGen.gen 
Execute       source /opt/Xilinx/Vivado/2018.2/common/technology/generic/autopilot/op.gen 
Execute       source /opt/Xilinx/Vivado/2018.2/common/technology/generic/autopilot/op_simcore.gen 
Execute       source /opt/Xilinx/Vivado/2018.2/common/technology/generic/autopilot/interface.gen 
Execute       source /home/khoa/Documents/logic_design/lab3_hls/solution1/.autopilot/db/global.setting.tcl 
Execute       source /opt/Xilinx/Vivado/2018.2/common/technology/xilinx/qvirtex7/qvirtex7.gen 
Execute         source /opt/Xilinx/Vivado/2018.2/common/technology/xilinx/common/virtex.gen 
Execute           source /opt/Xilinx/Vivado/2018.2/common/technology/xilinx/common/xilinx.gen 
Execute             source /opt/Xilinx/Vivado/2018.2/common/technology/xilinx/interface/plb46.gen 
Execute             source /opt/Xilinx/Vivado/2018.2/common/technology/xilinx/interface/fsl.gen 
Execute             source /opt/Xilinx/Vivado/2018.2/common/technology/xilinx/interface/axi4.gen 
Execute             source /opt/Xilinx/Vivado/2018.2/common/technology/xilinx/interface/nativeAXI4.gen 
Execute               source /opt/Xilinx/Vivado/2018.2/common/technology/xilinx/interface/saxilite.gen 
Execute               source /opt/Xilinx/Vivado/2018.2/common/technology/xilinx/interface/maxi.gen 
Execute             source /opt/Xilinx/Vivado/2018.2/common/technology/xilinx/scripts/xilinxcoregen.gen 
Execute             source /opt/Xilinx/Vivado/2018.2/common/technology/xilinx/interface/XilEDKCoreGen.gen 
Execute             source /opt/Xilinx/Vivado/2018.2/common/technology/xilinx/ip/dds_compiler.gen 
Execute             source /opt/Xilinx/Vivado/2018.2/common/technology/xilinx/ip/util.gen 
Execute             source /opt/Xilinx/Vivado/2018.2/common/technology/xilinx/ip/xfft.gen 
Command             ap_source done; 0.25 sec.
Execute             source /opt/Xilinx/Vivado/2018.2/common/technology/xilinx/ip/xfir.gen 
Command           ap_source done; 0.37 sec.
Execute           source /opt/Xilinx/Vivado/2018.2/common/technology/xilinx/common/dsp48.gen 
Command         ap_source done; 0.38 sec.
Command       ap_source done; 0.38 sec.
Execute       source /opt/Xilinx/Vivado/2018.2/common/technology/xilinx/qvirtex7/qvirtex7_fpv6.gen 
Execute         source /opt/Xilinx/Vivado/2018.2/common/technology/xilinx/common/xilinx_fpv6.gen 
Execute       source /home/khoa/Documents/logic_design/lab3_hls/solution1/.autopilot/db/global.setting.tcl 
Execute       source /home/khoa/Documents/logic_design/lab3_hls/solution1/.autopilot/db/global.setting.tcl 
Execute       source /home/khoa/Documents/logic_design/lab3_hls/solution1/.autopilot/db/global.setting.tcl 
Execute       source /home/khoa/Documents/logic_design/lab3_hls/solution1/.autopilot/db/simpleALU.compgen.tcl 
Execute         source ./AXILiteS.slave.tcl 
Execute         is_m_axi_addr64 
Execute       get_config_sdx -target 
Execute       source /home/khoa/Documents/logic_design/lab3_hls/solution1/.autopilot/db/global.setting.tcl 
Execute       source /opt/Xilinx/Vivado/2018.2/common/technology/generic/autopilot/common.gen 
Execute         source /opt/Xilinx/Vivado/2018.2/common/technology/generic/autopilot/APCoreGen.gen 
Execute       source /opt/Xilinx/Vivado/2018.2/common/technology/generic/autopilot/op.gen 
Execute       source /opt/Xilinx/Vivado/2018.2/common/technology/generic/autopilot/op_simcore.gen 
Execute       source /opt/Xilinx/Vivado/2018.2/common/technology/generic/autopilot/interface.gen 
Execute       source /home/khoa/Documents/logic_design/lab3_hls/solution1/.autopilot/db/global.setting.tcl 
Execute       source /opt/Xilinx/Vivado/2018.2/common/technology/xilinx/qvirtex7/qvirtex7.gen 
Execute         source /opt/Xilinx/Vivado/2018.2/common/technology/xilinx/common/virtex.gen 
Execute           source /opt/Xilinx/Vivado/2018.2/common/technology/xilinx/common/xilinx.gen 
Execute             source /opt/Xilinx/Vivado/2018.2/common/technology/xilinx/interface/plb46.gen 
Execute             source /opt/Xilinx/Vivado/2018.2/common/technology/xilinx/interface/fsl.gen 
Execute             source /opt/Xilinx/Vivado/2018.2/common/technology/xilinx/interface/axi4.gen 
Execute             source /opt/Xilinx/Vivado/2018.2/common/technology/xilinx/interface/nativeAXI4.gen 
Execute               source /opt/Xilinx/Vivado/2018.2/common/technology/xilinx/interface/saxilite.gen 
Execute               source /opt/Xilinx/Vivado/2018.2/common/technology/xilinx/interface/maxi.gen 
Execute             source /opt/Xilinx/Vivado/2018.2/common/technology/xilinx/scripts/xilinxcoregen.gen 
Execute             source /opt/Xilinx/Vivado/2018.2/common/technology/xilinx/interface/XilEDKCoreGen.gen 
Execute             source /opt/Xilinx/Vivado/2018.2/common/technology/xilinx/ip/dds_compiler.gen 
Execute             source /opt/Xilinx/Vivado/2018.2/common/technology/xilinx/ip/util.gen 
Execute             source /opt/Xilinx/Vivado/2018.2/common/technology/xilinx/ip/xfft.gen 
Command             ap_source done; 0.25 sec.
Execute             source /opt/Xilinx/Vivado/2018.2/common/technology/xilinx/ip/xfir.gen 
Command           ap_source done; 0.3 sec.
Execute           source /opt/Xilinx/Vivado/2018.2/common/technology/xilinx/common/dsp48.gen 
Command         ap_source done; 0.31 sec.
Command       ap_source done; 0.31 sec.
Execute       source /opt/Xilinx/Vivado/2018.2/common/technology/xilinx/qvirtex7/qvirtex7_fpv6.gen 
Execute         source /opt/Xilinx/Vivado/2018.2/common/technology/xilinx/common/xilinx_fpv6.gen 
Execute       source /home/khoa/Documents/logic_design/lab3_hls/solution1/.autopilot/db/simpleALU.rtl_wrap.cfg.tcl 
Execute       source /home/khoa/Documents/logic_design/lab3_hls/solution1/.autopilot/db/simpleALU.rtl_wrap.cfg.tcl 
Execute       source /home/khoa/Documents/logic_design/lab3_hls/solution1/.autopilot/db/simpleALU.rtl_wrap.cfg.tcl 
Execute       source /home/khoa/Documents/logic_design/lab3_hls/solution1/.autopilot/db/simpleALU.tbgen.tcl 
Execute       source /home/khoa/Documents/logic_design/lab3_hls/solution1/.autopilot/db/simpleALU.tbgen.tcl 
Execute       source /home/khoa/Documents/logic_design/lab3_hls/solution1/.autopilot/db/global.setting.tcl 
Execute       source /home/khoa/Documents/logic_design/lab3_hls/solution1/.autopilot/db/simpleALU.compgen.tcl 
Execute       source /home/khoa/Documents/logic_design/lab3_hls/solution1/.autopilot/db/global.setting.tcl 
Execute       source /home/khoa/Documents/logic_design/lab3_hls/solution1/.autopilot/db/simpleALU.compgen.tcl 
Execute       source /home/khoa/Documents/logic_design/lab3_hls/solution1/.autopilot/db/global.setting.tcl 
Execute       source /home/khoa/Documents/logic_design/lab3_hls/solution1/.autopilot/db/simpleALU.compgen.tcl 
Execute       source /home/khoa/Documents/logic_design/lab3_hls/solution1/.autopilot/db/global.setting.tcl 
Execute       source /home/khoa/Documents/logic_design/lab3_hls/solution1/.autopilot/db/simpleALU.constraint.tcl 
Execute       source /home/khoa/Documents/logic_design/lab3_hls/solution1/.autopilot/db/global.setting.tcl 
Execute       source /home/khoa/Documents/logic_design/lab3_hls/solution1/.autopilot/db/global.setting.tcl 
Execute       source /home/khoa/Documents/logic_design/lab3_hls/solution1/.autopilot/db/global.setting.tcl 
Execute       source /home/khoa/Documents/logic_design/lab3_hls/solution1/.autopilot/db/simpleALU.tbgen.tcl 
Execute       source /home/khoa/Documents/logic_design/lab3_hls/solution1/.autopilot/db/global.setting.tcl 
Execute       source /home/khoa/Documents/logic_design/lab3_hls/solution1/.autopilot/db/simpleALU.constraint.tcl 
Execute       source /home/khoa/Documents/logic_design/lab3_hls/solution1/.autopilot/db/global.setting.tcl 
Execute       get_config_sdx -target 
Execute       get_config_sdx -profile 
Execute       ::config_rtl 
INFO: [HLS 200-111] Finished generating all RTL models Time (s): cpu = 00:00:32 ; elapsed = 00:01:00 . Memory (MB): peak = 480.062 ; gain = 128.000 ; free physical = 122 ; free virtual = 1142
INFO: [SYSC 207-301] Generating SystemC RTL for simpleALU.
INFO: [VHDL 208-304] Generating VHDL RTL for simpleALU.
INFO: [VLOG 209-307] Generating Verilog RTL for simpleALU.
Command     autosyn done; 2.53 sec.
Command   csynth_design done; 57.19 sec.
Command ap_source done; 58.67 sec.
Execute cleanup_all 
